<?xml version="1.0" encoding="UTF-8"?>
<!-- Generated by org.testng.reporters.JUnitReportReporter -->
<testsuite hostname="DESKTOP-J1E77CM" failures="0" tests="1" name="Framework.LoginTest" time="0.088" errors="0" timestamp="2024-09-04T11:09:21 IST" skipped="0">
  <testcase classname="Framework.LoginTest" name="testLogin" time="0.088"/>
</testsuite> <!-- Framework.LoginTest -->
